<?xml version="1.0" encoding="utf-8"?><testsuites name="pytest tests"><testsuite name="pytest" errors="0" failures="1" skipped="0" tests="12" time="35.110" timestamp="2026-07-02T21:17:53.389458+00:00" hostname="agent-env-bb43b40a-cbd9-425f-9186-648a44cbfe2f"><testcase classname="backend.tests.test_guionviral_api" name="test_root_returns_online" time="0.326" /><testcase classname="backend.tests.test_guionviral_api.TestSaveText" name="test_save_text_success" time="0.173" /><testcase classname="backend.tests.test_guionviral_api.TestSaveText" name="test_save_text_empty_rejected" time="0.168" /><testcase classname="backend.tests.test_guionviral_api.TestGenerateUpload" name="test_upload_mp4_returns_script" time="0.583"><failure message="AssertionError: Internal Server Error&#10;assert 500 == 200&#10; +  where 500 = &lt;Response [500]&gt;.status_code">backend/tests/test_guionviral_api.py:85: in test_upload_mp4_returns_script
    assert r.status_code == 200, r.text
E   AssertionError: Internal Server Error
E   assert 500 == 200
E    +  where 500 = &lt;Response [500]&gt;.status_code</failure></testcase><testcase classname="backend.tests.test_guionviral_api.TestGenerateLink" name="test_generate_link_youtube" time="24.216" /><testcase classname="backend.tests.test_guionviral_api.TestGenerateLink" name="test_generate_link_empty_url" time="0.154" /><testcase classname="backend.tests.test_guionviral_api.TestTTS" name="test_tts_nova_returns_mp3" time="2.948" /><testcase classname="backend.tests.test_guionviral_api.TestTTS" name="test_tts_empty_rejected" time="0.131" /><testcase classname="backend.tests.test_guionviral_api.TestTTS" name="test_tts_long_text_nova" time="4.932" /><testcase classname="backend.tests.test_guionviral_api.TestHistory" name="test_history_list_no_id_leak_and_ordered" time="0.346" /><testcase classname="backend.tests.test_guionviral_api.TestHistory" name="test_delete_history_item" time="0.300" /><testcase classname="backend.tests.test_guionviral_api.TestHistory" name="test_delete_history_item_not_found" time="0.723" /></testsuite></testsuites>