<?xml version="1.0" encoding="utf-8"?><testsuites name="pytest tests"><testsuite name="pytest" errors="0" failures="0" skipped="0" tests="11" time="49.760" timestamp="2026-07-02T20:50:49.882872+00:00" hostname="agent-env-bb43b40a-cbd9-425f-9186-648a44cbfe2f"><testcase classname="backend.tests.test_guionviral_api" name="test_root_returns_online" time="0.334" /><testcase classname="backend.tests.test_guionviral_api.TestSaveText" name="test_save_text_success" time="0.183" /><testcase classname="backend.tests.test_guionviral_api.TestSaveText" name="test_save_text_empty_rejected" time="0.182" /><testcase classname="backend.tests.test_guionviral_api.TestGenerateUpload" name="test_upload_mp4_returns_script" time="19.583" /><testcase classname="backend.tests.test_guionviral_api.TestGenerateLink" name="test_generate_link_youtube" time="24.686" /><testcase classname="backend.tests.test_guionviral_api.TestGenerateLink" name="test_generate_link_empty_url" time="0.344" /><testcase classname="backend.tests.test_guionviral_api.TestTTS" name="test_tts_nova_returns_mp3" time="2.430" /><testcase classname="backend.tests.test_guionviral_api.TestTTS" name="test_tts_empty_rejected" time="0.153" /><testcase classname="backend.tests.test_guionviral_api.TestHistory" name="test_history_list_no_id_leak_and_ordered" time="0.321" /><testcase classname="backend.tests.test_guionviral_api.TestHistory" name="test_delete_history_item" time="0.706" /><testcase classname="backend.tests.test_guionviral_api.TestHistory" name="test_delete_history_item_not_found" time="0.769" /></testsuite></testsuites>