<?xml version="1.0" encoding="utf-8"?><testsuites name="pytest tests"><testsuite name="pytest" errors="0" failures="0" skipped="0" tests="7" time="3.620" timestamp="2026-07-02T22:57:50.711543+00:00" hostname="agent-env-bb43b40a-cbd9-425f-9186-648a44cbfe2f"><testcase classname="backend.tests.test_media_storage.TestFilesUploadAndGet" name="test_upload_jpeg_then_get_and_list" time="0.316" /><testcase classname="backend.tests.test_media_storage.TestFilesUploadAndGet" name="test_upload_empty_rejected" time="0.157" /><testcase classname="backend.tests.test_media_storage.TestFilesTTS" name="test_tts_to_storage_nova" time="1.928" /><testcase classname="backend.tests.test_media_storage.TestFilesTTS" name="test_tts_empty_rejected" time="0.135" /><testcase classname="backend.tests.test_media_storage.TestFilesTTS" name="test_get_nonexistent_returns_404" time="0.157" /><testcase classname="backend.tests.test_media_storage.TestFilesDelete" name="test_delete_then_get_404" time="0.248" /><testcase classname="backend.tests.test_media_storage.TestFilesDelete" name="test_delete_nonexistent_returns_404" time="0.597" /></testsuite></testsuites>