<?xml version="1.0" encoding="utf-8"?><testsuites name="pytest tests"><testsuite name="pytest" errors="0" failures="0" skipped="0" tests="6" time="15.059" timestamp="2026-07-02T23:24:50.265467+00:00" hostname="agent-env-bb43b40a-cbd9-425f-9186-648a44cbfe2f"><testcase classname="backend.tests.test_generate_frames.TestGenerateFramesSuccess" name="test_generate_from_device_frames" time="11.782" /><testcase classname="backend.tests.test_generate_frames.TestGenerateFramesValidation" name="test_empty_frames_list_returns_400" time="0.196" /><testcase classname="backend.tests.test_generate_frames.TestGenerateFramesValidation" name="test_invalid_base64_frames_returns_400" time="0.185" /><testcase classname="backend.tests.test_generate_frames.TestLightRegression" name="test_root_ok" time="0.172" /><testcase classname="backend.tests.test_generate_frames.TestLightRegression" name="test_history_list_no_id_leak" time="0.291" /><testcase classname="backend.tests.test_generate_frames.TestLightRegression" name="test_files_tts_and_download" time="2.370" /></testsuite></testsuites>